<?xml version="1.0" encoding="UTF-8"?>
<!-- Generated by org.testng.reporters.JUnitReportReporter -->
<testsuite hostname="LAPTOP-5HE953J4" failures="0" tests="5" name="runner.lenskartrunnerFile" time="216.015" errors="3" timestamp="2024-07-18T17:44:18 IST" skipped="0">
  <testcase classname="runner.lenskartrunnerFile" name="runScenario" time="30.311">
    <error message="TODO: implement me" type="io.cucumber.java.PendingException">
      <![CDATA[io.cucumber.java.PendingException: TODO: implement me
at stepDefinition.lenskartSteps.i_get_all_available_lens_material_options_from_the_dropdown_and_store_them_in_an_array(lenskartSteps.java:121)
at ✽.I get all available lens material options from the dropdown and store them in an array(file:///C:/Users/alkau/Documents/workspace-spring-tool-suite-4-4.22.0.RELEASE/.metadata/.metadata/Alphabin/src/test/resources/featuresfile/lenskartproduct.feature:27)
]]>
    </error>
  </testcase> <!-- runScenario -->
  <system-out/>
  <testcase classname="runner.lenskartrunnerFile" name="runScenario" time="38.474">
    <error message="TODO: implement me" type="io.cucumber.java.PendingException">
      <![CDATA[io.cucumber.java.PendingException: TODO: implement me
at stepDefinition.lenskartSteps.i_add_a_few_different_spectacle_frames_to_the_wishlist(lenskartSteps.java:133)
at ✽.I add a few different spectacle frames to the wishlist(file:///C:/Users/alkau/Documents/workspace-spring-tool-suite-4-4.22.0.RELEASE/.metadata/.metadata/Alphabin/src/test/resources/featuresfile/lenskartproduct.feature:32)
]]>
    </error>
  </testcase> <!-- runScenario -->
  <system-out/>
  <testcase classname="runner.lenskartrunnerFile" name="runScenario" time="64.576"/>
  <system-out/>
  <testcase classname="runner.lenskartrunnerFile" name="runScenario" time="26.714">
    <error message="Cannot invoke &quot;pages.addtoCart.iterateThroughFrameColorsAndAddToCart()&quot; because &quot;this.ac&quot; is null" type="java.lang.NullPointerException">
      <![CDATA[java.lang.NullPointerException: Cannot invoke "pages.addtoCart.iterateThroughFrameColorsAndAddToCart()" because "this.ac" is null
at stepDefinition.lenskartSteps.i_iterate_through_all_available_frame_colors(lenskartSteps.java:109)
at ✽.I iterate through all available frame colors(file:///C:/Users/alkau/Documents/workspace-spring-tool-suite-4-4.22.0.RELEASE/.metadata/.metadata/Alphabin/src/test/resources/featuresfile/lenskartproduct.feature:21)
]]>
    </error>
  </testcase> <!-- runScenario -->
  <system-out/>
  <testcase classname="runner.lenskartrunnerFile" name="runScenario" time="55.940"/>
  <system-out/>
</testsuite> <!-- runner.lenskartrunnerFile -->
